# JRE version: Java(TM) SE Runtime Environment (21.0.8+12) (build 21.0.8+12-LTS-250)
# Java VM: Java HotSpot(TM) 64-Bit Server VM (21.0.8+12-LTS-250, mixed mode, emulated-client, sharing, tiered, compressed oops, compressed class ptrs, g1 gc, windows-amd64)
GC Precious Log:
 CardTable entry size: 512
 Card Set container configuration: InlinePtr #cards 4 size 8 Array Of Cards #cards 16 size 48 Howl #buckets 8 coarsen threshold 3686 Howl Bitmap #cards 512 size 80 coarsen threshold 460 Card regions per heap region 1 cards per card region 4096
 CPUs: 16 total, 16 available
 Memory: 15789M
 Large Page Support: Disabled
 NUMA Support: Disabled
 Compressed Oops: Enabled (Zero based)
 Heap Region Size: 2M
 Heap Min Capacity: 8M
 Heap Initial Capacity: 248M
 Heap Max Capacity: 3948M
 Pre-touch: Disabled
 Parallel Workers: 13
 Concurrent Workers: 3
 Concurrent Refinement Workers: 13
 Periodic GC: Disabled
Heap:
 garbage-first heap   total 155648K, used 40484K [0x0000000709400000, 0x0000000800000000)
  region size 2048K, 9 young (18432K), 4 survivors (8192K)
 Metaspace       used 73493K, committed 74176K, reserved 1114112K
  class space    used 9908K, committed 10240K, reserved 1048576K
GC Heap History (20 events):
Event: 2.331 GC heap before
{Heap before GC invocations=6 (full 0):
 garbage-first heap   total 55296K, used 22842K [0x0000000709400000, 0x0000000800000000)
  region size 2048K, 7 young (14336K), 2 survivors (4096K)
 Metaspace       used 28166K, committed 28608K, reserved 1114112K
  class space    used 3562K, committed 3776K, reserved 1048576K
}
Event: 2.334 GC heap after
{Heap after GC invocations=7 (full 0):
 garbage-first heap   total 55296K, used 15869K [0x0000000709400000, 0x0000000800000000)
  region size 2048K, 2 young (4096K), 2 survivors (4096K)
 Metaspace       used 28166K, committed 28608K, reserved 1114112K
  class space    used 3562K, committed 3776K, reserved 1048576K
}
Event: 2.651 GC heap before
{Heap before GC invocations=8 (full 0):
 garbage-first heap   total 55296K, used 42493K [0x0000000709400000, 0x0000000800000000)
  region size 2048K, 15 young (30720K), 2 survivors (4096K)
 Metaspace       used 31050K, committed 31616K, reserved 1114112K
  class space    used 3959K, committed 4224K, reserved 1048576K
}
Event: 2.654 GC heap after
{Heap after GC invocations=9 (full 0):
 garbage-first heap   total 55296K, used 18379K [0x0000000709400000, 0x0000000800000000)
  region size 2048K, 2 young (4096K), 2 survivors (4096K)
 Metaspace       used 31050K, committed 31616K, reserved 1114112K
  class space    used 3959K, committed 4224K, reserved 1048576K
}
Event: 2.945 GC heap before
{Heap before GC invocations=9 (full 0):
 garbage-first heap   total 55296K, used 42955K [0x0000000709400000, 0x0000000800000000)
  region size 2048K, 14 young (28672K), 2 survivors (4096K)
 Metaspace       used 33133K, committed 33664K, reserved 1114112K
  class space    used 4228K, committed 4480K, reserved 1048576K
}
Event: 2.948 GC heap after
{Heap after GC invocations=10 (full 0):
 garbage-first heap   total 55296K, used 20018K [0x0000000709400000, 0x0000000800000000)
  region size 2048K, 1 young (2048K), 1 survivors (2048K)
 Metaspace       used 33133K, committed 33664K, reserved 1114112K
  class space    used 4228K, committed 4480K, reserved 1048576K
}
Event: 3.433 GC heap before
{Heap before GC invocations=10 (full 0):
 garbage-first heap   total 55296K, used 44594K [0x0000000709400000, 0x0000000800000000)
  region size 2048K, 14 young (28672K), 1 survivors (2048K)
 Metaspace       used 35909K, committed 36416K, reserved 1114112K
  class space    used 4623K, committed 4864K, reserved 1048576K
}
Event: 3.435 GC heap after
{Heap after GC invocations=11 (full 0):
 garbage-first heap   total 55296K, used 21553K [0x0000000709400000, 0x0000000800000000)
  region size 2048K, 2 young (4096K), 2 survivors (4096K)
 Metaspace       used 35909K, committed 36416K, reserved 1114112K
  class space    used 4623K, committed 4864K, reserved 1048576K
}
Event: 3.852 GC heap before
{Heap before GC invocations=11 (full 0):
 garbage-first heap   total 55296K, used 46129K [0x0000000709400000, 0x0000000800000000)
  region size 2048K, 14 young (28672K), 2 survivors (4096K)
 Metaspace       used 38977K, committed 39488K, reserved 1114112K
  class space    used 5114K, committed 5376K, reserved 1048576K
}
Event: 3.857 GC heap after
{Heap after GC invocations=12 (full 0):
 garbage-first heap   total 55296K, used 23956K [0x0000000709400000, 0x0000000800000000)
  region size 2048K, 2 young (4096K), 2 survivors (4096K)
 Metaspace       used 38977K, committed 39488K, reserved 1114112K
  class space    used 5114K, committed 5376K, reserved 1048576K
}
Event: 4.174 GC heap before
{Heap before GC invocations=12 (full 0):
 garbage-first heap   total 55296K, used 46484K [0x0000000709400000, 0x0000000800000000)
  region size 2048K, 13 young (26624K), 2 survivors (4096K)
 Metaspace       used 41781K, committed 42368K, reserved 1114112K
  class space    used 5435K, committed 5696K, reserved 1048576K
}
Event: 4.177 GC heap after
{Heap after GC invocations=13 (full 0):
 garbage-first heap   total 55296K, used 26024K [0x0000000709400000, 0x0000000800000000)
  region size 2048K, 1 young (2048K), 1 survivors (2048K)
 Metaspace       used 41781K, committed 42368K, reserved 1114112K
  class space    used 5435K, committed 5696K, reserved 1048576K
}
Event: 4.468 GC heap before
{Heap before GC invocations=13 (full 0):
 garbage-first heap   total 55296K, used 46504K [0x0000000709400000, 0x0000000800000000)
  region size 2048K, 11 young (22528K), 1 survivors (2048K)
 Metaspace       used 45805K, committed 46464K, reserved 1114112K
  class space    used 6017K, committed 6336K, reserved 1048576K
}
Event: 4.470 GC heap after
{Heap after GC invocations=14 (full 0):
 garbage-first heap   total 55296K, used 27106K [0x0000000709400000, 0x0000000800000000)
  region size 2048K, 2 young (4096K), 2 survivors (4096K)
 Metaspace       used 45805K, committed 46464K, reserved 1114112K
  class space    used 6017K, committed 6336K, reserved 1048576K
}
Event: 4.573 GC heap before
{Heap before GC invocations=14 (full 0):
 garbage-first heap   total 55296K, used 33250K [0x0000000709400000, 0x0000000800000000)
  region size 2048K, 6 young (12288K), 2 survivors (4096K)
 Metaspace       used 47324K, committed 47936K, reserved 1114112K
  class space    used 6265K, committed 6528K, reserved 1048576K
}
Event: 4.576 GC heap after
{Heap after GC invocations=15 (full 0):
 garbage-first heap   total 55296K, used 27477K [0x0000000709400000, 0x0000000800000000)
  region size 2048K, 1 young (2048K), 1 survivors (2048K)
 Metaspace       used 47324K, committed 47936K, reserved 1114112K
  class space    used 6265K, committed 6528K, reserved 1048576K
}
Event: 4.912 GC heap before
{Heap before GC invocations=16 (full 0):
 garbage-first heap   total 55296K, used 45909K [0x0000000709400000, 0x0000000800000000)
  region size 2048K, 11 young (22528K), 1 survivors (2048K)
 Metaspace       used 53324K, committed 53952K, reserved 1114112K
  class space    used 7011K, committed 7296K, reserved 1048576K
}
Event: 4.914 GC heap after
{Heap after GC invocations=17 (full 0):
 garbage-first heap   total 155648K, used 29305K [0x0000000709400000, 0x0000000800000000)
  region size 2048K, 2 young (4096K), 2 survivors (4096K)
 Metaspace       used 53324K, committed 53952K, reserved 1114112K
  class space    used 7011K, committed 7296K, reserved 1048576K
}
Event: 6.385 GC heap before
{Heap before GC invocations=17 (full 0):
 garbage-first heap   total 155648K, used 115321K [0x0000000709400000, 0x0000000800000000)
  region size 2048K, 45 young (92160K), 2 survivors (4096K)
 Metaspace       used 71967K, committed 72640K, reserved 1114112K
  class space    used 9656K, committed 9984K, reserved 1048576K
}
Event: 6.391 GC heap after
{Heap after GC invocations=18 (full 0):
 garbage-first heap   total 155648K, used 32292K [0x0000000709400000, 0x0000000800000000)
  region size 2048K, 4 young (8192K), 4 survivors (8192K)
 Metaspace       used 71967K, committed 72640K, reserved 1114112K
  class space    used 9656K, committed 9984K, reserved 1048576K
}

